[INFO][main][2016-12-03 12:57:33][org.springframework.test.context.support.AbstractTestContextBootstrapper] - Loaded default TestExecutionListener class names from location [META-INF/spring.factories]: [org.springframework.test.context.web.ServletTestExecutionListener, org.springframework.test.context.support.DirtiesContextBeforeModesTestExecutionListener, org.springframework.test.context.support.DependencyInjectionTestExecutionListener, org.springframework.test.context.support.DirtiesContextTestExecutionListener, org.springframework.test.context.transaction.TransactionalTestExecutionListener, org.springframework.test.context.jdbc.SqlScriptsTestExecutionListener]
[INFO][main][2016-12-03 12:57:33][org.springframework.test.context.support.AbstractTestContextBootstrapper] - Using TestExecutionListeners: [org.springframework.test.context.web.ServletTestExecutionListener@7c0e2abd, org.springframework.test.context.support.DirtiesContextBeforeModesTestExecutionListener@48eff760, org.springframework.test.context.support.DependencyInjectionTestExecutionListener@402f32ff, org.springframework.test.context.support.DirtiesContextTestExecutionListener@573f2bb1, org.springframework.test.context.transaction.TransactionalTestExecutionListener@5ae9a829, org.springframework.test.context.jdbc.SqlScriptsTestExecutionListener@6d8a00e3]
[INFO][main][2016-12-03 12:57:33][org.springframework.beans.factory.xml.XmlBeanDefinitionReader] - Loading XML bean definitions from class path resource [spring-mybatis.xml]
[INFO][main][2016-12-03 12:57:34][org.springframework.context.support.AbstractApplicationContext] - Refreshing org.springframework.web.context.support.GenericWebApplicationContext@685cb137: startup date [Sat Dec 03 12:57:34 CST 2016]; root of context hierarchy
[INFO][main][2016-12-03 12:57:34][org.springframework.core.io.support.PropertiesLoaderSupport] - Loading properties file from class path resource [jdbc.properties]
[INFO][main][2016-12-03 12:57:34][org.springframework.beans.factory.annotation.AutowiredAnnotationBeanPostProcessor] - JSR-330 'javax.inject.Inject' annotation found and supported for autowiring
[INFO][main][2016-12-03 12:57:35][org.springframework.web.servlet.handler.AbstractHandlerMethodMapping$MappingRegistry] - Mapped "{[/admin/login]}" onto public com.heitian.ssm.bo.Result com.heitian.ssm.controller.AdminController.login(com.heitian.ssm.model.Admin,org.springframework.ui.Model,javax.servlet.http.HttpServletResponse)
[INFO][main][2016-12-03 12:57:35][org.springframework.web.servlet.handler.AbstractHandlerMethodMapping$MappingRegistry] - Mapped "{[/adminCustomer/delete]}" onto public com.heitian.ssm.bo.Result com.heitian.ssm.controller.AdminCustomerController.delete(javax.servlet.http.HttpServletRequest)
[INFO][main][2016-12-03 12:57:35][org.springframework.web.servlet.handler.AbstractHandlerMethodMapping$MappingRegistry] - Mapped "{[/adminCustomer/blacklist]}" onto public com.heitian.ssm.bo.Result com.heitian.ssm.controller.AdminCustomerController.blacklist(javax.servlet.http.HttpServletRequest)
[INFO][main][2016-12-03 12:57:35][org.springframework.web.servlet.handler.AbstractHandlerMethodMapping$MappingRegistry] - Mapped "{[/adminCustomer/whitelist]}" onto public com.heitian.ssm.bo.Result com.heitian.ssm.controller.AdminCustomerController.whitelist(javax.servlet.http.HttpServletRequest)
[INFO][main][2016-12-03 12:57:35][org.springframework.web.servlet.handler.AbstractHandlerMethodMapping$MappingRegistry] - Mapped "{[/adminCustomer/searchCustomer]}" onto public java.util.List<com.heitian.ssm.bo.CustomerBo> com.heitian.ssm.controller.AdminCustomerController.searchCustomerWithKeyword(com.heitian.ssm.bo.CustomerCondition)
[INFO][main][2016-12-03 12:57:35][org.springframework.web.servlet.handler.AbstractHandlerMethodMapping$MappingRegistry] - Mapped "{[/adminCustomer/findCustomerById]}" onto public com.heitian.ssm.bo.CustomerBo com.heitian.ssm.controller.AdminCustomerController.findCustomerById(javax.servlet.http.HttpServletRequest)
[INFO][main][2016-12-03 12:57:35][org.springframework.web.servlet.handler.AbstractHandlerMethodMapping$MappingRegistry] - Mapped "{[/adminOwner/delete]}" onto public com.heitian.ssm.bo.Result com.heitian.ssm.controller.AdminOwnerController.delete(javax.servlet.http.HttpServletRequest)
[INFO][main][2016-12-03 12:57:35][org.springframework.web.servlet.handler.AbstractHandlerMethodMapping$MappingRegistry] - Mapped "{[/adminOwner/blacklist]}" onto public com.heitian.ssm.bo.Result com.heitian.ssm.controller.AdminOwnerController.blacklist(javax.servlet.http.HttpServletRequest)
[INFO][main][2016-12-03 12:57:35][org.springframework.web.servlet.handler.AbstractHandlerMethodMapping$MappingRegistry] - Mapped "{[/adminOwner/whitelist]}" onto public com.heitian.ssm.bo.Result com.heitian.ssm.controller.AdminOwnerController.whitelist(javax.servlet.http.HttpServletRequest)
[INFO][main][2016-12-03 12:57:35][org.springframework.web.servlet.handler.AbstractHandlerMethodMapping$MappingRegistry] - Mapped "{[/adminOwner/searchOwner]}" onto public java.util.List<com.heitian.ssm.bo.OwnerBo> com.heitian.ssm.controller.AdminOwnerController.searchOwnerWithKeyword(com.heitian.ssm.bo.OwnerCondition)
[INFO][main][2016-12-03 12:57:35][org.springframework.web.servlet.handler.AbstractHandlerMethodMapping$MappingRegistry] - Mapped "{[/adminOwner/findOwnerById]}" onto public com.heitian.ssm.bo.OwnerBo com.heitian.ssm.controller.AdminOwnerController.findOwnerById(javax.servlet.http.HttpServletRequest)
[INFO][main][2016-12-03 12:57:35][org.springframework.web.servlet.handler.AbstractHandlerMethodMapping$MappingRegistry] - Mapped "{[/customer/register]}" onto public com.heitian.ssm.bo.Result com.heitian.ssm.controller.CustomerController.register(com.heitian.ssm.model.Customer,org.springframework.ui.Model)
[INFO][main][2016-12-03 12:57:35][org.springframework.web.servlet.handler.AbstractHandlerMethodMapping$MappingRegistry] - Mapped "{[/customer/login]}" onto public com.heitian.ssm.bo.Result com.heitian.ssm.controller.CustomerController.login(com.heitian.ssm.model.Customer,org.springframework.ui.Model,javax.servlet.http.HttpServletResponse)
[INFO][main][2016-12-03 12:57:35][org.springframework.web.servlet.handler.AbstractHandlerMethodMapping$MappingRegistry] - Mapped "{[/owner/getById]}" onto public com.heitian.ssm.model.Owner com.heitian.ssm.controller.OwnerController.getOwnerById(long)
[INFO][main][2016-12-03 12:57:35][org.springframework.web.servlet.handler.AbstractHandlerMethodMapping$MappingRegistry] - Mapped "{[/owner/getOwnerNum]}" onto public com.heitian.ssm.bo.Result com.heitian.ssm.controller.OwnerController.getOwnerNum()
[INFO][main][2016-12-03 12:57:35][org.springframework.web.servlet.handler.AbstractHandlerMethodMapping$MappingRegistry] - Mapped "{[/owner/getUnverifiedNum]}" onto public com.heitian.ssm.bo.Result com.heitian.ssm.controller.OwnerController.getUnverifiedNum()
[INFO][main][2016-12-03 12:57:35][org.springframework.web.servlet.handler.AbstractHandlerMethodMapping$MappingRegistry] - Mapped "{[/owner/getAllUnverified]}" onto public java.util.List<com.heitian.ssm.model.Owner> com.heitian.ssm.controller.OwnerController.getAllUnverified(int,int)
[INFO][main][2016-12-03 12:57:35][org.springframework.web.servlet.handler.AbstractHandlerMethodMapping$MappingRegistry] - Mapped "{[/owner/register]}" onto public com.heitian.ssm.bo.Result com.heitian.ssm.controller.OwnerController.ownerRegister(com.heitian.ssm.model.Owner)
[INFO][main][2016-12-03 12:57:35][org.springframework.web.servlet.handler.AbstractHandlerMethodMapping$MappingRegistry] - Mapped "{[/owner/getByName]}" onto public com.heitian.ssm.model.Owner com.heitian.ssm.controller.OwnerController.getOwnerByName(java.lang.String)
[INFO][main][2016-12-03 12:57:35][org.springframework.web.servlet.handler.AbstractHandlerMethodMapping$MappingRegistry] - Mapped "{[/owner/login]}" onto public com.heitian.ssm.bo.Result com.heitian.ssm.controller.OwnerController.ownerLogin(com.heitian.ssm.model.Owner,javax.servlet.http.HttpServletResponse)
[INFO][main][2016-12-03 12:57:35][org.springframework.web.servlet.handler.AbstractHandlerMethodMapping$MappingRegistry] - Mapped "{[/owner/activate],methods=[GET]}" onto public com.heitian.ssm.bo.Result com.heitian.ssm.controller.OwnerController.ownerActivate(java.lang.String,java.lang.String)
[INFO][main][2016-12-03 12:57:35][org.springframework.web.servlet.handler.AbstractHandlerMethodMapping$MappingRegistry] - Mapped "{[/owner/getAllOwner]}" onto public java.util.List<com.heitian.ssm.model.Owner> com.heitian.ssm.controller.OwnerController.getAllOwner(int,int)
[INFO][main][2016-12-03 12:57:35][org.springframework.web.servlet.handler.AbstractHandlerMethodMapping$MappingRegistry] - Mapped "{[/owner/update]}" onto public com.heitian.ssm.bo.Result com.heitian.ssm.controller.OwnerController.updateOwner(com.heitian.ssm.model.Owner)
[INFO][main][2016-12-03 12:57:35][org.springframework.web.servlet.handler.AbstractHandlerMethodMapping$MappingRegistry] - Mapped "{[/product/delete]}" onto public com.heitian.ssm.bo.Result com.heitian.ssm.controller.ProductController.deleteProduct(com.heitian.ssm.bo.ProductBo,java.lang.String)
[INFO][main][2016-12-03 12:57:35][org.springframework.web.servlet.handler.AbstractHandlerMethodMapping$MappingRegistry] - Mapped "{[/product/update]}" onto public com.heitian.ssm.bo.Result com.heitian.ssm.controller.ProductController.updateProduct(com.heitian.ssm.bo.ProductBo,java.lang.String)
[INFO][main][2016-12-03 12:57:35][org.springframework.web.servlet.handler.AbstractHandlerMethodMapping$MappingRegistry] - Mapped "{[/product/search]}" onto public java.util.List<com.heitian.ssm.bo.ProductBo> com.heitian.ssm.controller.ProductController.searchProductBos(com.heitian.ssm.bo.ProductCondition)
[INFO][main][2016-12-03 12:57:35][org.springframework.web.servlet.handler.AbstractHandlerMethodMapping$MappingRegistry] - Mapped "{[/product/id],methods=[GET]}" onto public com.heitian.ssm.bo.ProductBo com.heitian.ssm.controller.ProductController.searchProductBo(javax.servlet.http.HttpServletRequest)
[INFO][main][2016-12-03 12:57:35][org.springframework.web.servlet.handler.AbstractHandlerMethodMapping$MappingRegistry] - Mapped "{[/product/add]}" onto public com.heitian.ssm.bo.Result com.heitian.ssm.controller.ProductController.addProduct(com.heitian.ssm.bo.ProductBo,java.lang.String)
[INFO][main][2016-12-03 12:57:35][org.springframework.web.servlet.handler.AbstractHandlerMethodMapping$MappingRegistry] - Mapped "{[/product/searchByOwner],methods=[GET]}" onto public java.util.List<com.heitian.ssm.bo.ProductBo> com.heitian.ssm.controller.ProductController.searchByOwner(long,int,int,java.lang.String)
[INFO][main][2016-12-03 12:57:35][org.springframework.web.servlet.handler.AbstractHandlerMethodMapping$MappingRegistry] - Mapped "{[/product/getNum],methods=[GET]}" onto public com.heitian.ssm.bo.Result com.heitian.ssm.controller.ProductController.getProductsNum(long)
[INFO][main][2016-12-03 12:57:35][org.springframework.web.servlet.handler.AbstractHandlerMethodMapping$MappingRegistry] - Mapped "{[/shop/update],methods=[POST]}" onto public com.heitian.ssm.bo.Result com.heitian.ssm.controller.ShopController.update(com.heitian.ssm.bo.ShopBo,java.lang.String)
[INFO][main][2016-12-03 12:57:35][org.springframework.web.servlet.handler.AbstractHandlerMethodMapping$MappingRegistry] - Mapped "{[/shop/delete],methods=[POST]}" onto public com.heitian.ssm.bo.Result com.heitian.ssm.controller.ShopController.delete(java.lang.Long,java.lang.String)
[INFO][main][2016-12-03 12:57:35][org.springframework.web.servlet.handler.AbstractHandlerMethodMapping$MappingRegistry] - Mapped "{[/shop/count]}" onto public com.heitian.ssm.bo.Result com.heitian.ssm.controller.ShopController.getCount()
[INFO][main][2016-12-03 12:57:35][org.springframework.web.servlet.handler.AbstractHandlerMethodMapping$MappingRegistry] - Mapped "{[/shop/countByStatus]}" onto public com.heitian.ssm.bo.Result com.heitian.ssm.controller.ShopController.getCountByStatus(java.lang.Long)
[INFO][main][2016-12-03 12:57:35][org.springframework.web.servlet.handler.AbstractHandlerMethodMapping$MappingRegistry] - Mapped "{[/shop/searchByStatus]}" onto public java.util.List<com.heitian.ssm.bo.ShopBo> com.heitian.ssm.controller.ShopController.getShopsByStatus(int,int,long)
[INFO][main][2016-12-03 12:57:35][org.springframework.web.servlet.handler.AbstractHandlerMethodMapping$MappingRegistry] - Mapped "{[/shop/add],methods=[POST]}" onto public com.heitian.ssm.bo.Result com.heitian.ssm.controller.ShopController.addNewShop(com.heitian.ssm.bo.ShopBo,java.lang.String,javax.servlet.http.HttpServletResponse)
[INFO][main][2016-12-03 12:57:35][org.springframework.web.servlet.handler.AbstractHandlerMethodMapping$MappingRegistry] - Mapped "{[/shop/search]}" onto public com.heitian.ssm.bo.ShopBo com.heitian.ssm.controller.ShopController.getShopByName(java.lang.String)
[INFO][main][2016-12-03 12:57:35][org.springframework.web.servlet.handler.AbstractHandlerMethodMapping$MappingRegistry] - Mapped "{[/shop/searchAll]}" onto public java.util.List<com.heitian.ssm.bo.ShopBo> com.heitian.ssm.controller.ShopController.getShops(int,int)
[INFO][main][2016-12-03 12:57:35][org.springframework.web.servlet.handler.AbstractHandlerMethodMapping$MappingRegistry] - Mapped "{[/shop/changeStatus]}" onto public com.heitian.ssm.bo.Result com.heitian.ssm.controller.ShopController.changeStatus(java.lang.Long,java.lang.Long)
[INFO][main][2016-12-03 12:57:35][org.springframework.web.servlet.handler.AbstractHandlerMethodMapping$MappingRegistry] - Mapped "{[/shop/searchLike]}" onto public java.util.List<com.heitian.ssm.bo.ShopBo> com.heitian.ssm.controller.ShopController.getShopsByName(java.lang.String)
[INFO][main][2016-12-03 12:57:35][org.springframework.web.servlet.handler.AbstractHandlerMethodMapping$MappingRegistry] - Mapped "{[/user/showUser]}" onto public java.lang.String com.heitian.ssm.controller.UserController.showUser(javax.servlet.http.HttpServletRequest,org.springframework.ui.Model)
[INFO][main][2016-12-03 12:57:35][org.springframework.web.servlet.mvc.method.annotation.RequestMappingHandlerAdapter] - Looking for @ControllerAdvice: org.springframework.web.context.support.GenericWebApplicationContext@685cb137: startup date [Sat Dec 03 12:57:34 CST 2016]; root of context hierarchy
[INFO][main][2016-12-03 12:57:35][org.springframework.web.servlet.mvc.method.annotation.RequestMappingHandlerAdapter] - Looking for @ControllerAdvice: org.springframework.web.context.support.GenericWebApplicationContext@685cb137: startup date [Sat Dec 03 12:57:34 CST 2016]; root of context hierarchy
[INFO][Thread-0][2016-12-03 12:57:36][org.springframework.context.support.AbstractApplicationContext] - Closing org.springframework.web.context.support.GenericWebApplicationContext@685cb137: startup date [Sat Dec 03 12:57:34 CST 2016]; root of context hierarchy
[INFO][main][2016-12-03 12:57:59][org.springframework.test.context.support.AbstractTestContextBootstrapper] - Loaded default TestExecutionListener class names from location [META-INF/spring.factories]: [org.springframework.test.context.web.ServletTestExecutionListener, org.springframework.test.context.support.DirtiesContextBeforeModesTestExecutionListener, org.springframework.test.context.support.DependencyInjectionTestExecutionListener, org.springframework.test.context.support.DirtiesContextTestExecutionListener, org.springframework.test.context.transaction.TransactionalTestExecutionListener, org.springframework.test.context.jdbc.SqlScriptsTestExecutionListener]
[INFO][main][2016-12-03 12:57:59][org.springframework.test.context.support.AbstractTestContextBootstrapper] - Using TestExecutionListeners: [org.springframework.test.context.web.ServletTestExecutionListener@7c0e2abd, org.springframework.test.context.support.DirtiesContextBeforeModesTestExecutionListener@48eff760, org.springframework.test.context.support.DependencyInjectionTestExecutionListener@402f32ff, org.springframework.test.context.support.DirtiesContextTestExecutionListener@573f2bb1, org.springframework.test.context.transaction.TransactionalTestExecutionListener@5ae9a829, org.springframework.test.context.jdbc.SqlScriptsTestExecutionListener@6d8a00e3]
[INFO][main][2016-12-03 12:57:59][org.springframework.beans.factory.xml.XmlBeanDefinitionReader] - Loading XML bean definitions from class path resource [spring-mybatis.xml]
[INFO][main][2016-12-03 12:58:00][org.springframework.context.support.AbstractApplicationContext] - Refreshing org.springframework.web.context.support.GenericWebApplicationContext@685cb137: startup date [Sat Dec 03 12:58:00 CST 2016]; root of context hierarchy
[INFO][main][2016-12-03 12:58:00][org.springframework.core.io.support.PropertiesLoaderSupport] - Loading properties file from class path resource [jdbc.properties]
[INFO][main][2016-12-03 12:58:00][org.springframework.beans.factory.annotation.AutowiredAnnotationBeanPostProcessor] - JSR-330 'javax.inject.Inject' annotation found and supported for autowiring
[INFO][main][2016-12-03 12:58:01][org.springframework.web.servlet.handler.AbstractHandlerMethodMapping$MappingRegistry] - Mapped "{[/admin/login]}" onto public com.heitian.ssm.bo.Result com.heitian.ssm.controller.AdminController.login(com.heitian.ssm.model.Admin,org.springframework.ui.Model,javax.servlet.http.HttpServletResponse)
[INFO][main][2016-12-03 12:58:01][org.springframework.web.servlet.handler.AbstractHandlerMethodMapping$MappingRegistry] - Mapped "{[/adminCustomer/delete]}" onto public com.heitian.ssm.bo.Result com.heitian.ssm.controller.AdminCustomerController.delete(javax.servlet.http.HttpServletRequest)
[INFO][main][2016-12-03 12:58:01][org.springframework.web.servlet.handler.AbstractHandlerMethodMapping$MappingRegistry] - Mapped "{[/adminCustomer/blacklist]}" onto public com.heitian.ssm.bo.Result com.heitian.ssm.controller.AdminCustomerController.blacklist(javax.servlet.http.HttpServletRequest)
[INFO][main][2016-12-03 12:58:01][org.springframework.web.servlet.handler.AbstractHandlerMethodMapping$MappingRegistry] - Mapped "{[/adminCustomer/whitelist]}" onto public com.heitian.ssm.bo.Result com.heitian.ssm.controller.AdminCustomerController.whitelist(javax.servlet.http.HttpServletRequest)
[INFO][main][2016-12-03 12:58:01][org.springframework.web.servlet.handler.AbstractHandlerMethodMapping$MappingRegistry] - Mapped "{[/adminCustomer/searchCustomer]}" onto public java.util.List<com.heitian.ssm.bo.CustomerBo> com.heitian.ssm.controller.AdminCustomerController.searchCustomerWithKeyword(com.heitian.ssm.bo.CustomerCondition)
[INFO][main][2016-12-03 12:58:01][org.springframework.web.servlet.handler.AbstractHandlerMethodMapping$MappingRegistry] - Mapped "{[/adminCustomer/findCustomerById]}" onto public com.heitian.ssm.bo.CustomerBo com.heitian.ssm.controller.AdminCustomerController.findCustomerById(javax.servlet.http.HttpServletRequest)
[INFO][main][2016-12-03 12:58:01][org.springframework.web.servlet.handler.AbstractHandlerMethodMapping$MappingRegistry] - Mapped "{[/adminOwner/delete]}" onto public com.heitian.ssm.bo.Result com.heitian.ssm.controller.AdminOwnerController.delete(javax.servlet.http.HttpServletRequest)
[INFO][main][2016-12-03 12:58:01][org.springframework.web.servlet.handler.AbstractHandlerMethodMapping$MappingRegistry] - Mapped "{[/adminOwner/blacklist]}" onto public com.heitian.ssm.bo.Result com.heitian.ssm.controller.AdminOwnerController.blacklist(javax.servlet.http.HttpServletRequest)
[INFO][main][2016-12-03 12:58:01][org.springframework.web.servlet.handler.AbstractHandlerMethodMapping$MappingRegistry] - Mapped "{[/adminOwner/whitelist]}" onto public com.heitian.ssm.bo.Result com.heitian.ssm.controller.AdminOwnerController.whitelist(javax.servlet.http.HttpServletRequest)
[INFO][main][2016-12-03 12:58:01][org.springframework.web.servlet.handler.AbstractHandlerMethodMapping$MappingRegistry] - Mapped "{[/adminOwner/searchOwner]}" onto public java.util.List<com.heitian.ssm.bo.OwnerBo> com.heitian.ssm.controller.AdminOwnerController.searchOwnerWithKeyword(com.heitian.ssm.bo.OwnerCondition)
[INFO][main][2016-12-03 12:58:01][org.springframework.web.servlet.handler.AbstractHandlerMethodMapping$MappingRegistry] - Mapped "{[/adminOwner/findOwnerById]}" onto public com.heitian.ssm.bo.OwnerBo com.heitian.ssm.controller.AdminOwnerController.findOwnerById(javax.servlet.http.HttpServletRequest)
[INFO][main][2016-12-03 12:58:01][org.springframework.web.servlet.handler.AbstractHandlerMethodMapping$MappingRegistry] - Mapped "{[/customer/register]}" onto public com.heitian.ssm.bo.Result com.heitian.ssm.controller.CustomerController.register(com.heitian.ssm.model.Customer,org.springframework.ui.Model)
[INFO][main][2016-12-03 12:58:01][org.springframework.web.servlet.handler.AbstractHandlerMethodMapping$MappingRegistry] - Mapped "{[/customer/login]}" onto public com.heitian.ssm.bo.Result com.heitian.ssm.controller.CustomerController.login(com.heitian.ssm.model.Customer,org.springframework.ui.Model,javax.servlet.http.HttpServletResponse)
[INFO][main][2016-12-03 12:58:01][org.springframework.web.servlet.handler.AbstractHandlerMethodMapping$MappingRegistry] - Mapped "{[/owner/update]}" onto public com.heitian.ssm.bo.Result com.heitian.ssm.controller.OwnerController.updateOwner(com.heitian.ssm.model.Owner)
[INFO][main][2016-12-03 12:58:01][org.springframework.web.servlet.handler.AbstractHandlerMethodMapping$MappingRegistry] - Mapped "{[/owner/getById]}" onto public com.heitian.ssm.model.Owner com.heitian.ssm.controller.OwnerController.getOwnerById(long)
[INFO][main][2016-12-03 12:58:01][org.springframework.web.servlet.handler.AbstractHandlerMethodMapping$MappingRegistry] - Mapped "{[/owner/getAllOwner]}" onto public java.util.List<com.heitian.ssm.model.Owner> com.heitian.ssm.controller.OwnerController.getAllOwner(int,int)
[INFO][main][2016-12-03 12:58:01][org.springframework.web.servlet.handler.AbstractHandlerMethodMapping$MappingRegistry] - Mapped "{[/owner/getUnverifiedNum]}" onto public com.heitian.ssm.bo.Result com.heitian.ssm.controller.OwnerController.getUnverifiedNum()
[INFO][main][2016-12-03 12:58:01][org.springframework.web.servlet.handler.AbstractHandlerMethodMapping$MappingRegistry] - Mapped "{[/owner/activate],methods=[GET]}" onto public com.heitian.ssm.bo.Result com.heitian.ssm.controller.OwnerController.ownerActivate(java.lang.String,java.lang.String)
[INFO][main][2016-12-03 12:58:01][org.springframework.web.servlet.handler.AbstractHandlerMethodMapping$MappingRegistry] - Mapped "{[/owner/login]}" onto public com.heitian.ssm.bo.Result com.heitian.ssm.controller.OwnerController.ownerLogin(com.heitian.ssm.model.Owner,javax.servlet.http.HttpServletResponse)
[INFO][main][2016-12-03 12:58:01][org.springframework.web.servlet.handler.AbstractHandlerMethodMapping$MappingRegistry] - Mapped "{[/owner/getByName]}" onto public com.heitian.ssm.model.Owner com.heitian.ssm.controller.OwnerController.getOwnerByName(java.lang.String)
[INFO][main][2016-12-03 12:58:01][org.springframework.web.servlet.handler.AbstractHandlerMethodMapping$MappingRegistry] - Mapped "{[/owner/getAllUnverified]}" onto public java.util.List<com.heitian.ssm.model.Owner> com.heitian.ssm.controller.OwnerController.getAllUnverified(int,int)
[INFO][main][2016-12-03 12:58:01][org.springframework.web.servlet.handler.AbstractHandlerMethodMapping$MappingRegistry] - Mapped "{[/owner/getOwnerNum]}" onto public com.heitian.ssm.bo.Result com.heitian.ssm.controller.OwnerController.getOwnerNum()
[INFO][main][2016-12-03 12:58:01][org.springframework.web.servlet.handler.AbstractHandlerMethodMapping$MappingRegistry] - Mapped "{[/owner/register]}" onto public com.heitian.ssm.bo.Result com.heitian.ssm.controller.OwnerController.ownerRegister(com.heitian.ssm.model.Owner)
[INFO][main][2016-12-03 12:58:01][org.springframework.web.servlet.handler.AbstractHandlerMethodMapping$MappingRegistry] - Mapped "{[/product/id],methods=[GET]}" onto public com.heitian.ssm.bo.ProductBo com.heitian.ssm.controller.ProductController.searchProductBo(javax.servlet.http.HttpServletRequest)
[INFO][main][2016-12-03 12:58:01][org.springframework.web.servlet.handler.AbstractHandlerMethodMapping$MappingRegistry] - Mapped "{[/product/search]}" onto public java.util.List<com.heitian.ssm.bo.ProductBo> com.heitian.ssm.controller.ProductController.searchProductBos(com.heitian.ssm.bo.ProductCondition)
[INFO][main][2016-12-03 12:58:01][org.springframework.web.servlet.handler.AbstractHandlerMethodMapping$MappingRegistry] - Mapped "{[/product/add]}" onto public com.heitian.ssm.bo.Result com.heitian.ssm.controller.ProductController.addProduct(com.heitian.ssm.bo.ProductBo,java.lang.String)
[INFO][main][2016-12-03 12:58:01][org.springframework.web.servlet.handler.AbstractHandlerMethodMapping$MappingRegistry] - Mapped "{[/product/delete]}" onto public com.heitian.ssm.bo.Result com.heitian.ssm.controller.ProductController.deleteProduct(com.heitian.ssm.bo.ProductBo,java.lang.String)
[INFO][main][2016-12-03 12:58:01][org.springframework.web.servlet.handler.AbstractHandlerMethodMapping$MappingRegistry] - Mapped "{[/product/update]}" onto public com.heitian.ssm.bo.Result com.heitian.ssm.controller.ProductController.updateProduct(com.heitian.ssm.bo.ProductBo,java.lang.String)
[INFO][main][2016-12-03 12:58:01][org.springframework.web.servlet.handler.AbstractHandlerMethodMapping$MappingRegistry] - Mapped "{[/product/searchByOwner],methods=[GET]}" onto public java.util.List<com.heitian.ssm.bo.ProductBo> com.heitian.ssm.controller.ProductController.searchByOwner(long,int,int,java.lang.String)
[INFO][main][2016-12-03 12:58:01][org.springframework.web.servlet.handler.AbstractHandlerMethodMapping$MappingRegistry] - Mapped "{[/product/getNum],methods=[GET]}" onto public com.heitian.ssm.bo.Result com.heitian.ssm.controller.ProductController.getProductsNum(long)
[INFO][main][2016-12-03 12:58:01][org.springframework.web.servlet.handler.AbstractHandlerMethodMapping$MappingRegistry] - Mapped "{[/shop/update],methods=[POST]}" onto public com.heitian.ssm.bo.Result com.heitian.ssm.controller.ShopController.update(com.heitian.ssm.bo.ShopBo,java.lang.String)
[INFO][main][2016-12-03 12:58:01][org.springframework.web.servlet.handler.AbstractHandlerMethodMapping$MappingRegistry] - Mapped "{[/shop/delete],methods=[POST]}" onto public com.heitian.ssm.bo.Result com.heitian.ssm.controller.ShopController.delete(java.lang.Long,java.lang.String)
[INFO][main][2016-12-03 12:58:01][org.springframework.web.servlet.handler.AbstractHandlerMethodMapping$MappingRegistry] - Mapped "{[/shop/count]}" onto public com.heitian.ssm.bo.Result com.heitian.ssm.controller.ShopController.getCount()
[INFO][main][2016-12-03 12:58:01][org.springframework.web.servlet.handler.AbstractHandlerMethodMapping$MappingRegistry] - Mapped "{[/shop/searchLike]}" onto public java.util.List<com.heitian.ssm.bo.ShopBo> com.heitian.ssm.controller.ShopController.getShopsByName(java.lang.String)
[INFO][main][2016-12-03 12:58:01][org.springframework.web.servlet.handler.AbstractHandlerMethodMapping$MappingRegistry] - Mapped "{[/shop/search]}" onto public com.heitian.ssm.bo.ShopBo com.heitian.ssm.controller.ShopController.getShopByName(java.lang.String)
[INFO][main][2016-12-03 12:58:01][org.springframework.web.servlet.handler.AbstractHandlerMethodMapping$MappingRegistry] - Mapped "{[/shop/searchByStatus]}" onto public java.util.List<com.heitian.ssm.bo.ShopBo> com.heitian.ssm.controller.ShopController.getShopsByStatus(int,int,long)
[INFO][main][2016-12-03 12:58:01][org.springframework.web.servlet.handler.AbstractHandlerMethodMapping$MappingRegistry] - Mapped "{[/shop/changeStatus]}" onto public com.heitian.ssm.bo.Result com.heitian.ssm.controller.ShopController.changeStatus(java.lang.Long,java.lang.Long)
[INFO][main][2016-12-03 12:58:01][org.springframework.web.servlet.handler.AbstractHandlerMethodMapping$MappingRegistry] - Mapped "{[/shop/add],methods=[POST]}" onto public com.heitian.ssm.bo.Result com.heitian.ssm.controller.ShopController.addNewShop(com.heitian.ssm.bo.ShopBo,java.lang.String,javax.servlet.http.HttpServletResponse)
[INFO][main][2016-12-03 12:58:01][org.springframework.web.servlet.handler.AbstractHandlerMethodMapping$MappingRegistry] - Mapped "{[/shop/searchAll]}" onto public java.util.List<com.heitian.ssm.bo.ShopBo> com.heitian.ssm.controller.ShopController.getShops(int,int)
[INFO][main][2016-12-03 12:58:01][org.springframework.web.servlet.handler.AbstractHandlerMethodMapping$MappingRegistry] - Mapped "{[/shop/countByStatus]}" onto public com.heitian.ssm.bo.Result com.heitian.ssm.controller.ShopController.getCountByStatus(java.lang.Long)
[INFO][main][2016-12-03 12:58:01][org.springframework.web.servlet.handler.AbstractHandlerMethodMapping$MappingRegistry] - Mapped "{[/user/showUser]}" onto public java.lang.String com.heitian.ssm.controller.UserController.showUser(javax.servlet.http.HttpServletRequest,org.springframework.ui.Model)
[INFO][main][2016-12-03 12:58:01][org.springframework.web.servlet.mvc.method.annotation.RequestMappingHandlerAdapter] - Looking for @ControllerAdvice: org.springframework.web.context.support.GenericWebApplicationContext@685cb137: startup date [Sat Dec 03 12:58:00 CST 2016]; root of context hierarchy
[INFO][main][2016-12-03 12:58:01][org.springframework.web.servlet.mvc.method.annotation.RequestMappingHandlerAdapter] - Looking for @ControllerAdvice: org.springframework.web.context.support.GenericWebApplicationContext@685cb137: startup date [Sat Dec 03 12:58:00 CST 2016]; root of context hierarchy
[INFO][Thread-0][2016-12-03 12:58:02][org.springframework.context.support.AbstractApplicationContext] - Closing org.springframework.web.context.support.GenericWebApplicationContext@685cb137: startup date [Sat Dec 03 12:58:00 CST 2016]; root of context hierarchy
[INFO][main][2016-12-03 12:58:09][org.springframework.test.context.support.AbstractTestContextBootstrapper] - Loaded default TestExecutionListener class names from location [META-INF/spring.factories]: [org.springframework.test.context.web.ServletTestExecutionListener, org.springframework.test.context.support.DirtiesContextBeforeModesTestExecutionListener, org.springframework.test.context.support.DependencyInjectionTestExecutionListener, org.springframework.test.context.support.DirtiesContextTestExecutionListener, org.springframework.test.context.transaction.TransactionalTestExecutionListener, org.springframework.test.context.jdbc.SqlScriptsTestExecutionListener]
[INFO][main][2016-12-03 12:58:09][org.springframework.test.context.support.AbstractTestContextBootstrapper] - Using TestExecutionListeners: [org.springframework.test.context.web.ServletTestExecutionListener@7c0e2abd, org.springframework.test.context.support.DirtiesContextBeforeModesTestExecutionListener@48eff760, org.springframework.test.context.support.DependencyInjectionTestExecutionListener@402f32ff, org.springframework.test.context.support.DirtiesContextTestExecutionListener@573f2bb1, org.springframework.test.context.transaction.TransactionalTestExecutionListener@5ae9a829, org.springframework.test.context.jdbc.SqlScriptsTestExecutionListener@6d8a00e3]
[INFO][main][2016-12-03 12:58:10][org.springframework.beans.factory.xml.XmlBeanDefinitionReader] - Loading XML bean definitions from class path resource [spring-mybatis.xml]
[INFO][main][2016-12-03 12:58:10][org.springframework.context.support.AbstractApplicationContext] - Refreshing org.springframework.web.context.support.GenericWebApplicationContext@685cb137: startup date [Sat Dec 03 12:58:10 CST 2016]; root of context hierarchy
[INFO][main][2016-12-03 12:58:10][org.springframework.core.io.support.PropertiesLoaderSupport] - Loading properties file from class path resource [jdbc.properties]
[INFO][main][2016-12-03 12:58:10][org.springframework.beans.factory.annotation.AutowiredAnnotationBeanPostProcessor] - JSR-330 'javax.inject.Inject' annotation found and supported for autowiring
[INFO][main][2016-12-03 12:58:11][org.springframework.web.servlet.handler.AbstractHandlerMethodMapping$MappingRegistry] - Mapped "{[/admin/login]}" onto public com.heitian.ssm.bo.Result com.heitian.ssm.controller.AdminController.login(com.heitian.ssm.model.Admin,org.springframework.ui.Model,javax.servlet.http.HttpServletResponse)
[INFO][main][2016-12-03 12:58:11][org.springframework.web.servlet.handler.AbstractHandlerMethodMapping$MappingRegistry] - Mapped "{[/adminCustomer/delete]}" onto public com.heitian.ssm.bo.Result com.heitian.ssm.controller.AdminCustomerController.delete(javax.servlet.http.HttpServletRequest)
[INFO][main][2016-12-03 12:58:11][org.springframework.web.servlet.handler.AbstractHandlerMethodMapping$MappingRegistry] - Mapped "{[/adminCustomer/whitelist]}" onto public com.heitian.ssm.bo.Result com.heitian.ssm.controller.AdminCustomerController.whitelist(javax.servlet.http.HttpServletRequest)
[INFO][main][2016-12-03 12:58:11][org.springframework.web.servlet.handler.AbstractHandlerMethodMapping$MappingRegistry] - Mapped "{[/adminCustomer/blacklist]}" onto public com.heitian.ssm.bo.Result com.heitian.ssm.controller.AdminCustomerController.blacklist(javax.servlet.http.HttpServletRequest)
[INFO][main][2016-12-03 12:58:11][org.springframework.web.servlet.handler.AbstractHandlerMethodMapping$MappingRegistry] - Mapped "{[/adminCustomer/searchCustomer]}" onto public java.util.List<com.heitian.ssm.bo.CustomerBo> com.heitian.ssm.controller.AdminCustomerController.searchCustomerWithKeyword(com.heitian.ssm.bo.CustomerCondition)
[INFO][main][2016-12-03 12:58:11][org.springframework.web.servlet.handler.AbstractHandlerMethodMapping$MappingRegistry] - Mapped "{[/adminCustomer/findCustomerById]}" onto public com.heitian.ssm.bo.CustomerBo com.heitian.ssm.controller.AdminCustomerController.findCustomerById(javax.servlet.http.HttpServletRequest)
[INFO][main][2016-12-03 12:58:11][org.springframework.web.servlet.handler.AbstractHandlerMethodMapping$MappingRegistry] - Mapped "{[/adminOwner/delete]}" onto public com.heitian.ssm.bo.Result com.heitian.ssm.controller.AdminOwnerController.delete(javax.servlet.http.HttpServletRequest)
[INFO][main][2016-12-03 12:58:11][org.springframework.web.servlet.handler.AbstractHandlerMethodMapping$MappingRegistry] - Mapped "{[/adminOwner/whitelist]}" onto public com.heitian.ssm.bo.Result com.heitian.ssm.controller.AdminOwnerController.whitelist(javax.servlet.http.HttpServletRequest)
[INFO][main][2016-12-03 12:58:11][org.springframework.web.servlet.handler.AbstractHandlerMethodMapping$MappingRegistry] - Mapped "{[/adminOwner/blacklist]}" onto public com.heitian.ssm.bo.Result com.heitian.ssm.controller.AdminOwnerController.blacklist(javax.servlet.http.HttpServletRequest)
[INFO][main][2016-12-03 12:58:11][org.springframework.web.servlet.handler.AbstractHandlerMethodMapping$MappingRegistry] - Mapped "{[/adminOwner/searchOwner]}" onto public java.util.List<com.heitian.ssm.bo.OwnerBo> com.heitian.ssm.controller.AdminOwnerController.searchOwnerWithKeyword(com.heitian.ssm.bo.OwnerCondition)
[INFO][main][2016-12-03 12:58:11][org.springframework.web.servlet.handler.AbstractHandlerMethodMapping$MappingRegistry] - Mapped "{[/adminOwner/findOwnerById]}" onto public com.heitian.ssm.bo.OwnerBo com.heitian.ssm.controller.AdminOwnerController.findOwnerById(javax.servlet.http.HttpServletRequest)
[INFO][main][2016-12-03 12:58:11][org.springframework.web.servlet.handler.AbstractHandlerMethodMapping$MappingRegistry] - Mapped "{[/customer/register]}" onto public com.heitian.ssm.bo.Result com.heitian.ssm.controller.CustomerController.register(com.heitian.ssm.model.Customer,org.springframework.ui.Model)
[INFO][main][2016-12-03 12:58:11][org.springframework.web.servlet.handler.AbstractHandlerMethodMapping$MappingRegistry] - Mapped "{[/customer/login]}" onto public com.heitian.ssm.bo.Result com.heitian.ssm.controller.CustomerController.login(com.heitian.ssm.model.Customer,org.springframework.ui.Model,javax.servlet.http.HttpServletResponse)
[INFO][main][2016-12-03 12:58:11][org.springframework.web.servlet.handler.AbstractHandlerMethodMapping$MappingRegistry] - Mapped "{[/owner/login]}" onto public com.heitian.ssm.bo.Result com.heitian.ssm.controller.OwnerController.ownerLogin(com.heitian.ssm.model.Owner,javax.servlet.http.HttpServletResponse)
[INFO][main][2016-12-03 12:58:11][org.springframework.web.servlet.handler.AbstractHandlerMethodMapping$MappingRegistry] - Mapped "{[/owner/update]}" onto public com.heitian.ssm.bo.Result com.heitian.ssm.controller.OwnerController.updateOwner(com.heitian.ssm.model.Owner)
[INFO][main][2016-12-03 12:58:11][org.springframework.web.servlet.handler.AbstractHandlerMethodMapping$MappingRegistry] - Mapped "{[/owner/getByName]}" onto public com.heitian.ssm.model.Owner com.heitian.ssm.controller.OwnerController.getOwnerByName(java.lang.String)
[INFO][main][2016-12-03 12:58:11][org.springframework.web.servlet.handler.AbstractHandlerMethodMapping$MappingRegistry] - Mapped "{[/owner/getById]}" onto public com.heitian.ssm.model.Owner com.heitian.ssm.controller.OwnerController.getOwnerById(long)
[INFO][main][2016-12-03 12:58:11][org.springframework.web.servlet.handler.AbstractHandlerMethodMapping$MappingRegistry] - Mapped "{[/owner/getAllOwner]}" onto public java.util.List<com.heitian.ssm.model.Owner> com.heitian.ssm.controller.OwnerController.getAllOwner(int,int)
[INFO][main][2016-12-03 12:58:11][org.springframework.web.servlet.handler.AbstractHandlerMethodMapping$MappingRegistry] - Mapped "{[/owner/activate],methods=[GET]}" onto public com.heitian.ssm.bo.Result com.heitian.ssm.controller.OwnerController.ownerActivate(java.lang.String,java.lang.String)
[INFO][main][2016-12-03 12:58:11][org.springframework.web.servlet.handler.AbstractHandlerMethodMapping$MappingRegistry] - Mapped "{[/owner/register]}" onto public com.heitian.ssm.bo.Result com.heitian.ssm.controller.OwnerController.ownerRegister(com.heitian.ssm.model.Owner)
[INFO][main][2016-12-03 12:58:11][org.springframework.web.servlet.handler.AbstractHandlerMethodMapping$MappingRegistry] - Mapped "{[/owner/getAllUnverified]}" onto public java.util.List<com.heitian.ssm.model.Owner> com.heitian.ssm.controller.OwnerController.getAllUnverified(int,int)
[INFO][main][2016-12-03 12:58:11][org.springframework.web.servlet.handler.AbstractHandlerMethodMapping$MappingRegistry] - Mapped "{[/owner/getOwnerNum]}" onto public com.heitian.ssm.bo.Result com.heitian.ssm.controller.OwnerController.getOwnerNum()
[INFO][main][2016-12-03 12:58:11][org.springframework.web.servlet.handler.AbstractHandlerMethodMapping$MappingRegistry] - Mapped "{[/owner/getUnverifiedNum]}" onto public com.heitian.ssm.bo.Result com.heitian.ssm.controller.OwnerController.getUnverifiedNum()
[INFO][main][2016-12-03 12:58:11][org.springframework.web.servlet.handler.AbstractHandlerMethodMapping$MappingRegistry] - Mapped "{[/product/getNum],methods=[GET]}" onto public com.heitian.ssm.bo.Result com.heitian.ssm.controller.ProductController.getProductsNum(long)
[INFO][main][2016-12-03 12:58:11][org.springframework.web.servlet.handler.AbstractHandlerMethodMapping$MappingRegistry] - Mapped "{[/product/update]}" onto public com.heitian.ssm.bo.Result com.heitian.ssm.controller.ProductController.updateProduct(com.heitian.ssm.bo.ProductBo,java.lang.String)
[INFO][main][2016-12-03 12:58:11][org.springframework.web.servlet.handler.AbstractHandlerMethodMapping$MappingRegistry] - Mapped "{[/product/id],methods=[GET]}" onto public com.heitian.ssm.bo.ProductBo com.heitian.ssm.controller.ProductController.searchProductBo(javax.servlet.http.HttpServletRequest)
[INFO][main][2016-12-03 12:58:11][org.springframework.web.servlet.handler.AbstractHandlerMethodMapping$MappingRegistry] - Mapped "{[/product/searchByOwner],methods=[GET]}" onto public java.util.List<com.heitian.ssm.bo.ProductBo> com.heitian.ssm.controller.ProductController.searchByOwner(long,int,int,java.lang.String)
[INFO][main][2016-12-03 12:58:11][org.springframework.web.servlet.handler.AbstractHandlerMethodMapping$MappingRegistry] - Mapped "{[/product/add]}" onto public com.heitian.ssm.bo.Result com.heitian.ssm.controller.ProductController.addProduct(com.heitian.ssm.bo.ProductBo,java.lang.String)
[INFO][main][2016-12-03 12:58:11][org.springframework.web.servlet.handler.AbstractHandlerMethodMapping$MappingRegistry] - Mapped "{[/product/delete]}" onto public com.heitian.ssm.bo.Result com.heitian.ssm.controller.ProductController.deleteProduct(com.heitian.ssm.bo.ProductBo,java.lang.String)
[INFO][main][2016-12-03 12:58:11][org.springframework.web.servlet.handler.AbstractHandlerMethodMapping$MappingRegistry] - Mapped "{[/product/search]}" onto public java.util.List<com.heitian.ssm.bo.ProductBo> com.heitian.ssm.controller.ProductController.searchProductBos(com.heitian.ssm.bo.ProductCondition)
[INFO][main][2016-12-03 12:58:11][org.springframework.web.servlet.handler.AbstractHandlerMethodMapping$MappingRegistry] - Mapped "{[/shop/update],methods=[POST]}" onto public com.heitian.ssm.bo.Result com.heitian.ssm.controller.ShopController.update(com.heitian.ssm.bo.ShopBo,java.lang.String)
[INFO][main][2016-12-03 12:58:11][org.springframework.web.servlet.handler.AbstractHandlerMethodMapping$MappingRegistry] - Mapped "{[/shop/delete],methods=[POST]}" onto public com.heitian.ssm.bo.Result com.heitian.ssm.controller.ShopController.delete(java.lang.Long,java.lang.String)
[INFO][main][2016-12-03 12:58:11][org.springframework.web.servlet.handler.AbstractHandlerMethodMapping$MappingRegistry] - Mapped "{[/shop/count]}" onto public com.heitian.ssm.bo.Result com.heitian.ssm.controller.ShopController.getCount()
[INFO][main][2016-12-03 12:58:11][org.springframework.web.servlet.handler.AbstractHandlerMethodMapping$MappingRegistry] - Mapped "{[/shop/searchLike]}" onto public java.util.List<com.heitian.ssm.bo.ShopBo> com.heitian.ssm.controller.ShopController.getShopsByName(java.lang.String)
[INFO][main][2016-12-03 12:58:11][org.springframework.web.servlet.handler.AbstractHandlerMethodMapping$MappingRegistry] - Mapped "{[/shop/searchByStatus]}" onto public java.util.List<com.heitian.ssm.bo.ShopBo> com.heitian.ssm.controller.ShopController.getShopsByStatus(int,int,long)
[INFO][main][2016-12-03 12:58:11][org.springframework.web.servlet.handler.AbstractHandlerMethodMapping$MappingRegistry] - Mapped "{[/shop/add],methods=[POST]}" onto public com.heitian.ssm.bo.Result com.heitian.ssm.controller.ShopController.addNewShop(com.heitian.ssm.bo.ShopBo,java.lang.String,javax.servlet.http.HttpServletResponse)
[INFO][main][2016-12-03 12:58:11][org.springframework.web.servlet.handler.AbstractHandlerMethodMapping$MappingRegistry] - Mapped "{[/shop/changeStatus]}" onto public com.heitian.ssm.bo.Result com.heitian.ssm.controller.ShopController.changeStatus(java.lang.Long,java.lang.Long)
[INFO][main][2016-12-03 12:58:11][org.springframework.web.servlet.handler.AbstractHandlerMethodMapping$MappingRegistry] - Mapped "{[/shop/searchAll]}" onto public java.util.List<com.heitian.ssm.bo.ShopBo> com.heitian.ssm.controller.ShopController.getShops(int,int)
[INFO][main][2016-12-03 12:58:11][org.springframework.web.servlet.handler.AbstractHandlerMethodMapping$MappingRegistry] - Mapped "{[/shop/search]}" onto public com.heitian.ssm.bo.ShopBo com.heitian.ssm.controller.ShopController.getShopByName(java.lang.String)
[INFO][main][2016-12-03 12:58:11][org.springframework.web.servlet.handler.AbstractHandlerMethodMapping$MappingRegistry] - Mapped "{[/shop/countByStatus]}" onto public com.heitian.ssm.bo.Result com.heitian.ssm.controller.ShopController.getCountByStatus(java.lang.Long)
[INFO][main][2016-12-03 12:58:11][org.springframework.web.servlet.handler.AbstractHandlerMethodMapping$MappingRegistry] - Mapped "{[/user/showUser]}" onto public java.lang.String com.heitian.ssm.controller.UserController.showUser(javax.servlet.http.HttpServletRequest,org.springframework.ui.Model)
[INFO][main][2016-12-03 12:58:11][org.springframework.web.servlet.mvc.method.annotation.RequestMappingHandlerAdapter] - Looking for @ControllerAdvice: org.springframework.web.context.support.GenericWebApplicationContext@685cb137: startup date [Sat Dec 03 12:58:10 CST 2016]; root of context hierarchy
[INFO][main][2016-12-03 12:58:11][org.springframework.web.servlet.mvc.method.annotation.RequestMappingHandlerAdapter] - Looking for @ControllerAdvice: org.springframework.web.context.support.GenericWebApplicationContext@685cb137: startup date [Sat Dec 03 12:58:10 CST 2016]; root of context hierarchy
[INFO][Thread-0][2016-12-03 12:58:12][org.springframework.context.support.AbstractApplicationContext] - Closing org.springframework.web.context.support.GenericWebApplicationContext@685cb137: startup date [Sat Dec 03 12:58:10 CST 2016]; root of context hierarchy
[INFO][main][2016-12-03 12:58:21][org.springframework.test.context.support.AbstractTestContextBootstrapper] - Loaded default TestExecutionListener class names from location [META-INF/spring.factories]: [org.springframework.test.context.web.ServletTestExecutionListener, org.springframework.test.context.support.DirtiesContextBeforeModesTestExecutionListener, org.springframework.test.context.support.DependencyInjectionTestExecutionListener, org.springframework.test.context.support.DirtiesContextTestExecutionListener, org.springframework.test.context.transaction.TransactionalTestExecutionListener, org.springframework.test.context.jdbc.SqlScriptsTestExecutionListener]
[INFO][main][2016-12-03 12:58:21][org.springframework.test.context.support.AbstractTestContextBootstrapper] - Using TestExecutionListeners: [org.springframework.test.context.web.ServletTestExecutionListener@7c0e2abd, org.springframework.test.context.support.DirtiesContextBeforeModesTestExecutionListener@48eff760, org.springframework.test.context.support.DependencyInjectionTestExecutionListener@402f32ff, org.springframework.test.context.support.DirtiesContextTestExecutionListener@573f2bb1, org.springframework.test.context.transaction.TransactionalTestExecutionListener@5ae9a829, org.springframework.test.context.jdbc.SqlScriptsTestExecutionListener@6d8a00e3]
[INFO][main][2016-12-03 12:58:21][org.springframework.beans.factory.xml.XmlBeanDefinitionReader] - Loading XML bean definitions from class path resource [spring-mybatis.xml]
[INFO][main][2016-12-03 12:58:22][org.springframework.context.support.AbstractApplicationContext] - Refreshing org.springframework.web.context.support.GenericWebApplicationContext@685cb137: startup date [Sat Dec 03 12:58:22 CST 2016]; root of context hierarchy
[INFO][main][2016-12-03 12:58:22][org.springframework.core.io.support.PropertiesLoaderSupport] - Loading properties file from class path resource [jdbc.properties]
[INFO][main][2016-12-03 12:58:22][org.springframework.beans.factory.annotation.AutowiredAnnotationBeanPostProcessor] - JSR-330 'javax.inject.Inject' annotation found and supported for autowiring
[INFO][main][2016-12-03 12:58:23][org.springframework.web.servlet.handler.AbstractHandlerMethodMapping$MappingRegistry] - Mapped "{[/admin/login]}" onto public com.heitian.ssm.bo.Result com.heitian.ssm.controller.AdminController.login(com.heitian.ssm.model.Admin,org.springframework.ui.Model,javax.servlet.http.HttpServletResponse)
[INFO][main][2016-12-03 12:58:23][org.springframework.web.servlet.handler.AbstractHandlerMethodMapping$MappingRegistry] - Mapped "{[/adminCustomer/delete]}" onto public com.heitian.ssm.bo.Result com.heitian.ssm.controller.AdminCustomerController.delete(javax.servlet.http.HttpServletRequest)
[INFO][main][2016-12-03 12:58:23][org.springframework.web.servlet.handler.AbstractHandlerMethodMapping$MappingRegistry] - Mapped "{[/adminCustomer/blacklist]}" onto public com.heitian.ssm.bo.Result com.heitian.ssm.controller.AdminCustomerController.blacklist(javax.servlet.http.HttpServletRequest)
[INFO][main][2016-12-03 12:58:23][org.springframework.web.servlet.handler.AbstractHandlerMethodMapping$MappingRegistry] - Mapped "{[/adminCustomer/whitelist]}" onto public com.heitian.ssm.bo.Result com.heitian.ssm.controller.AdminCustomerController.whitelist(javax.servlet.http.HttpServletRequest)
[INFO][main][2016-12-03 12:58:23][org.springframework.web.servlet.handler.AbstractHandlerMethodMapping$MappingRegistry] - Mapped "{[/adminCustomer/searchCustomer]}" onto public java.util.List<com.heitian.ssm.bo.CustomerBo> com.heitian.ssm.controller.AdminCustomerController.searchCustomerWithKeyword(com.heitian.ssm.bo.CustomerCondition)
[INFO][main][2016-12-03 12:58:23][org.springframework.web.servlet.handler.AbstractHandlerMethodMapping$MappingRegistry] - Mapped "{[/adminCustomer/findCustomerById]}" onto public com.heitian.ssm.bo.CustomerBo com.heitian.ssm.controller.AdminCustomerController.findCustomerById(javax.servlet.http.HttpServletRequest)
[INFO][main][2016-12-03 12:58:23][org.springframework.web.servlet.handler.AbstractHandlerMethodMapping$MappingRegistry] - Mapped "{[/adminOwner/delete]}" onto public com.heitian.ssm.bo.Result com.heitian.ssm.controller.AdminOwnerController.delete(javax.servlet.http.HttpServletRequest)
[INFO][main][2016-12-03 12:58:23][org.springframework.web.servlet.handler.AbstractHandlerMethodMapping$MappingRegistry] - Mapped "{[/adminOwner/blacklist]}" onto public com.heitian.ssm.bo.Result com.heitian.ssm.controller.AdminOwnerController.blacklist(javax.servlet.http.HttpServletRequest)
[INFO][main][2016-12-03 12:58:23][org.springframework.web.servlet.handler.AbstractHandlerMethodMapping$MappingRegistry] - Mapped "{[/adminOwner/whitelist]}" onto public com.heitian.ssm.bo.Result com.heitian.ssm.controller.AdminOwnerController.whitelist(javax.servlet.http.HttpServletRequest)
[INFO][main][2016-12-03 12:58:23][org.springframework.web.servlet.handler.AbstractHandlerMethodMapping$MappingRegistry] - Mapped "{[/adminOwner/searchOwner]}" onto public java.util.List<com.heitian.ssm.bo.OwnerBo> com.heitian.ssm.controller.AdminOwnerController.searchOwnerWithKeyword(com.heitian.ssm.bo.OwnerCondition)
[INFO][main][2016-12-03 12:58:23][org.springframework.web.servlet.handler.AbstractHandlerMethodMapping$MappingRegistry] - Mapped "{[/adminOwner/findOwnerById]}" onto public com.heitian.ssm.bo.OwnerBo com.heitian.ssm.controller.AdminOwnerController.findOwnerById(javax.servlet.http.HttpServletRequest)
[INFO][main][2016-12-03 12:58:23][org.springframework.web.servlet.handler.AbstractHandlerMethodMapping$MappingRegistry] - Mapped "{[/customer/register]}" onto public com.heitian.ssm.bo.Result com.heitian.ssm.controller.CustomerController.register(com.heitian.ssm.model.Customer,org.springframework.ui.Model)
[INFO][main][2016-12-03 12:58:23][org.springframework.web.servlet.handler.AbstractHandlerMethodMapping$MappingRegistry] - Mapped "{[/customer/login]}" onto public com.heitian.ssm.bo.Result com.heitian.ssm.controller.CustomerController.login(com.heitian.ssm.model.Customer,org.springframework.ui.Model,javax.servlet.http.HttpServletResponse)
[INFO][main][2016-12-03 12:58:23][org.springframework.web.servlet.handler.AbstractHandlerMethodMapping$MappingRegistry] - Mapped "{[/owner/activate],methods=[GET]}" onto public com.heitian.ssm.bo.Result com.heitian.ssm.controller.OwnerController.ownerActivate(java.lang.String,java.lang.String)
[INFO][main][2016-12-03 12:58:23][org.springframework.web.servlet.handler.AbstractHandlerMethodMapping$MappingRegistry] - Mapped "{[/owner/register]}" onto public com.heitian.ssm.bo.Result com.heitian.ssm.controller.OwnerController.ownerRegister(com.heitian.ssm.model.Owner)
[INFO][main][2016-12-03 12:58:23][org.springframework.web.servlet.handler.AbstractHandlerMethodMapping$MappingRegistry] - Mapped "{[/owner/update]}" onto public com.heitian.ssm.bo.Result com.heitian.ssm.controller.OwnerController.updateOwner(com.heitian.ssm.model.Owner)
[INFO][main][2016-12-03 12:58:23][org.springframework.web.servlet.handler.AbstractHandlerMethodMapping$MappingRegistry] - Mapped "{[/owner/getByName]}" onto public com.heitian.ssm.model.Owner com.heitian.ssm.controller.OwnerController.getOwnerByName(java.lang.String)
[INFO][main][2016-12-03 12:58:23][org.springframework.web.servlet.handler.AbstractHandlerMethodMapping$MappingRegistry] - Mapped "{[/owner/getById]}" onto public com.heitian.ssm.model.Owner com.heitian.ssm.controller.OwnerController.getOwnerById(long)
[INFO][main][2016-12-03 12:58:23][org.springframework.web.servlet.handler.AbstractHandlerMethodMapping$MappingRegistry] - Mapped "{[/owner/login]}" onto public com.heitian.ssm.bo.Result com.heitian.ssm.controller.OwnerController.ownerLogin(com.heitian.ssm.model.Owner,javax.servlet.http.HttpServletResponse)
[INFO][main][2016-12-03 12:58:23][org.springframework.web.servlet.handler.AbstractHandlerMethodMapping$MappingRegistry] - Mapped "{[/owner/getAllOwner]}" onto public java.util.List<com.heitian.ssm.model.Owner> com.heitian.ssm.controller.OwnerController.getAllOwner(int,int)
[INFO][main][2016-12-03 12:58:23][org.springframework.web.servlet.handler.AbstractHandlerMethodMapping$MappingRegistry] - Mapped "{[/owner/getAllUnverified]}" onto public java.util.List<com.heitian.ssm.model.Owner> com.heitian.ssm.controller.OwnerController.getAllUnverified(int,int)
[INFO][main][2016-12-03 12:58:23][org.springframework.web.servlet.handler.AbstractHandlerMethodMapping$MappingRegistry] - Mapped "{[/owner/getOwnerNum]}" onto public com.heitian.ssm.bo.Result com.heitian.ssm.controller.OwnerController.getOwnerNum()
[INFO][main][2016-12-03 12:58:23][org.springframework.web.servlet.handler.AbstractHandlerMethodMapping$MappingRegistry] - Mapped "{[/owner/getUnverifiedNum]}" onto public com.heitian.ssm.bo.Result com.heitian.ssm.controller.OwnerController.getUnverifiedNum()
[INFO][main][2016-12-03 12:58:23][org.springframework.web.servlet.handler.AbstractHandlerMethodMapping$MappingRegistry] - Mapped "{[/product/search]}" onto public java.util.List<com.heitian.ssm.bo.ProductBo> com.heitian.ssm.controller.ProductController.searchProductBos(com.heitian.ssm.bo.ProductCondition)
[INFO][main][2016-12-03 12:58:23][org.springframework.web.servlet.handler.AbstractHandlerMethodMapping$MappingRegistry] - Mapped "{[/product/id],methods=[GET]}" onto public com.heitian.ssm.bo.ProductBo com.heitian.ssm.controller.ProductController.searchProductBo(javax.servlet.http.HttpServletRequest)
[INFO][main][2016-12-03 12:58:23][org.springframework.web.servlet.handler.AbstractHandlerMethodMapping$MappingRegistry] - Mapped "{[/product/add]}" onto public com.heitian.ssm.bo.Result com.heitian.ssm.controller.ProductController.addProduct(com.heitian.ssm.bo.ProductBo,java.lang.String)
[INFO][main][2016-12-03 12:58:23][org.springframework.web.servlet.handler.AbstractHandlerMethodMapping$MappingRegistry] - Mapped "{[/product/delete]}" onto public com.heitian.ssm.bo.Result com.heitian.ssm.controller.ProductController.deleteProduct(com.heitian.ssm.bo.ProductBo,java.lang.String)
[INFO][main][2016-12-03 12:58:23][org.springframework.web.servlet.handler.AbstractHandlerMethodMapping$MappingRegistry] - Mapped "{[/product/update]}" onto public com.heitian.ssm.bo.Result com.heitian.ssm.controller.ProductController.updateProduct(com.heitian.ssm.bo.ProductBo,java.lang.String)
[INFO][main][2016-12-03 12:58:23][org.springframework.web.servlet.handler.AbstractHandlerMethodMapping$MappingRegistry] - Mapped "{[/product/searchByOwner],methods=[GET]}" onto public java.util.List<com.heitian.ssm.bo.ProductBo> com.heitian.ssm.controller.ProductController.searchByOwner(long,int,int,java.lang.String)
[INFO][main][2016-12-03 12:58:23][org.springframework.web.servlet.handler.AbstractHandlerMethodMapping$MappingRegistry] - Mapped "{[/product/getNum],methods=[GET]}" onto public com.heitian.ssm.bo.Result com.heitian.ssm.controller.ProductController.getProductsNum(long)
[INFO][main][2016-12-03 12:58:23][org.springframework.web.servlet.handler.AbstractHandlerMethodMapping$MappingRegistry] - Mapped "{[/shop/update],methods=[POST]}" onto public com.heitian.ssm.bo.Result com.heitian.ssm.controller.ShopController.update(com.heitian.ssm.bo.ShopBo,java.lang.String)
[INFO][main][2016-12-03 12:58:23][org.springframework.web.servlet.handler.AbstractHandlerMethodMapping$MappingRegistry] - Mapped "{[/shop/delete],methods=[POST]}" onto public com.heitian.ssm.bo.Result com.heitian.ssm.controller.ShopController.delete(java.lang.Long,java.lang.String)
[INFO][main][2016-12-03 12:58:23][org.springframework.web.servlet.handler.AbstractHandlerMethodMapping$MappingRegistry] - Mapped "{[/shop/count]}" onto public com.heitian.ssm.bo.Result com.heitian.ssm.controller.ShopController.getCount()
[INFO][main][2016-12-03 12:58:23][org.springframework.web.servlet.handler.AbstractHandlerMethodMapping$MappingRegistry] - Mapped "{[/shop/changeStatus]}" onto public com.heitian.ssm.bo.Result com.heitian.ssm.controller.ShopController.changeStatus(java.lang.Long,java.lang.Long)
[INFO][main][2016-12-03 12:58:23][org.springframework.web.servlet.handler.AbstractHandlerMethodMapping$MappingRegistry] - Mapped "{[/shop/add],methods=[POST]}" onto public com.heitian.ssm.bo.Result com.heitian.ssm.controller.ShopController.addNewShop(com.heitian.ssm.bo.ShopBo,java.lang.String,javax.servlet.http.HttpServletResponse)
[INFO][main][2016-12-03 12:58:23][org.springframework.web.servlet.handler.AbstractHandlerMethodMapping$MappingRegistry] - Mapped "{[/shop/searchAll]}" onto public java.util.List<com.heitian.ssm.bo.ShopBo> com.heitian.ssm.controller.ShopController.getShops(int,int)
[INFO][main][2016-12-03 12:58:23][org.springframework.web.servlet.handler.AbstractHandlerMethodMapping$MappingRegistry] - Mapped "{[/shop/search]}" onto public com.heitian.ssm.bo.ShopBo com.heitian.ssm.controller.ShopController.getShopByName(java.lang.String)
[INFO][main][2016-12-03 12:58:23][org.springframework.web.servlet.handler.AbstractHandlerMethodMapping$MappingRegistry] - Mapped "{[/shop/searchLike]}" onto public java.util.List<com.heitian.ssm.bo.ShopBo> com.heitian.ssm.controller.ShopController.getShopsByName(java.lang.String)
[INFO][main][2016-12-03 12:58:23][org.springframework.web.servlet.handler.AbstractHandlerMethodMapping$MappingRegistry] - Mapped "{[/shop/countByStatus]}" onto public com.heitian.ssm.bo.Result com.heitian.ssm.controller.ShopController.getCountByStatus(java.lang.Long)
[INFO][main][2016-12-03 12:58:23][org.springframework.web.servlet.handler.AbstractHandlerMethodMapping$MappingRegistry] - Mapped "{[/shop/searchByStatus]}" onto public java.util.List<com.heitian.ssm.bo.ShopBo> com.heitian.ssm.controller.ShopController.getShopsByStatus(int,int,long)
[INFO][main][2016-12-03 12:58:23][org.springframework.web.servlet.handler.AbstractHandlerMethodMapping$MappingRegistry] - Mapped "{[/user/showUser]}" onto public java.lang.String com.heitian.ssm.controller.UserController.showUser(javax.servlet.http.HttpServletRequest,org.springframework.ui.Model)
[INFO][main][2016-12-03 12:58:23][org.springframework.web.servlet.mvc.method.annotation.RequestMappingHandlerAdapter] - Looking for @ControllerAdvice: org.springframework.web.context.support.GenericWebApplicationContext@685cb137: startup date [Sat Dec 03 12:58:22 CST 2016]; root of context hierarchy
[INFO][main][2016-12-03 12:58:23][org.springframework.web.servlet.mvc.method.annotation.RequestMappingHandlerAdapter] - Looking for @ControllerAdvice: org.springframework.web.context.support.GenericWebApplicationContext@685cb137: startup date [Sat Dec 03 12:58:22 CST 2016]; root of context hierarchy
[INFO][Thread-0][2016-12-03 12:58:23][org.springframework.context.support.AbstractApplicationContext] - Closing org.springframework.web.context.support.GenericWebApplicationContext@685cb137: startup date [Sat Dec 03 12:58:22 CST 2016]; root of context hierarchy
[INFO][main][2016-12-03 12:58:28][org.springframework.test.context.support.AbstractTestContextBootstrapper] - Loaded default TestExecutionListener class names from location [META-INF/spring.factories]: [org.springframework.test.context.web.ServletTestExecutionListener, org.springframework.test.context.support.DirtiesContextBeforeModesTestExecutionListener, org.springframework.test.context.support.DependencyInjectionTestExecutionListener, org.springframework.test.context.support.DirtiesContextTestExecutionListener, org.springframework.test.context.transaction.TransactionalTestExecutionListener, org.springframework.test.context.jdbc.SqlScriptsTestExecutionListener]
[INFO][main][2016-12-03 12:58:28][org.springframework.test.context.support.AbstractTestContextBootstrapper] - Using TestExecutionListeners: [org.springframework.test.context.web.ServletTestExecutionListener@7c0e2abd, org.springframework.test.context.support.DirtiesContextBeforeModesTestExecutionListener@48eff760, org.springframework.test.context.support.DependencyInjectionTestExecutionListener@402f32ff, org.springframework.test.context.support.DirtiesContextTestExecutionListener@573f2bb1, org.springframework.test.context.transaction.TransactionalTestExecutionListener@5ae9a829, org.springframework.test.context.jdbc.SqlScriptsTestExecutionListener@6d8a00e3]
[INFO][main][2016-12-03 12:58:28][org.springframework.beans.factory.xml.XmlBeanDefinitionReader] - Loading XML bean definitions from class path resource [spring-mybatis.xml]
[INFO][main][2016-12-03 12:58:29][org.springframework.context.support.AbstractApplicationContext] - Refreshing org.springframework.web.context.support.GenericWebApplicationContext@685cb137: startup date [Sat Dec 03 12:58:29 CST 2016]; root of context hierarchy
[INFO][main][2016-12-03 12:58:29][org.springframework.core.io.support.PropertiesLoaderSupport] - Loading properties file from class path resource [jdbc.properties]
[INFO][main][2016-12-03 12:58:29][org.springframework.beans.factory.annotation.AutowiredAnnotationBeanPostProcessor] - JSR-330 'javax.inject.Inject' annotation found and supported for autowiring
[INFO][main][2016-12-03 12:58:30][org.springframework.web.servlet.handler.AbstractHandlerMethodMapping$MappingRegistry] - Mapped "{[/admin/login]}" onto public com.heitian.ssm.bo.Result com.heitian.ssm.controller.AdminController.login(com.heitian.ssm.model.Admin,org.springframework.ui.Model,javax.servlet.http.HttpServletResponse)
[INFO][main][2016-12-03 12:58:30][org.springframework.web.servlet.handler.AbstractHandlerMethodMapping$MappingRegistry] - Mapped "{[/adminCustomer/delete]}" onto public com.heitian.ssm.bo.Result com.heitian.ssm.controller.AdminCustomerController.delete(javax.servlet.http.HttpServletRequest)
[INFO][main][2016-12-03 12:58:30][org.springframework.web.servlet.handler.AbstractHandlerMethodMapping$MappingRegistry] - Mapped "{[/adminCustomer/blacklist]}" onto public com.heitian.ssm.bo.Result com.heitian.ssm.controller.AdminCustomerController.blacklist(javax.servlet.http.HttpServletRequest)
[INFO][main][2016-12-03 12:58:30][org.springframework.web.servlet.handler.AbstractHandlerMethodMapping$MappingRegistry] - Mapped "{[/adminCustomer/whitelist]}" onto public com.heitian.ssm.bo.Result com.heitian.ssm.controller.AdminCustomerController.whitelist(javax.servlet.http.HttpServletRequest)
[INFO][main][2016-12-03 12:58:30][org.springframework.web.servlet.handler.AbstractHandlerMethodMapping$MappingRegistry] - Mapped "{[/adminCustomer/searchCustomer]}" onto public java.util.List<com.heitian.ssm.bo.CustomerBo> com.heitian.ssm.controller.AdminCustomerController.searchCustomerWithKeyword(com.heitian.ssm.bo.CustomerCondition)
[INFO][main][2016-12-03 12:58:30][org.springframework.web.servlet.handler.AbstractHandlerMethodMapping$MappingRegistry] - Mapped "{[/adminCustomer/findCustomerById]}" onto public com.heitian.ssm.bo.CustomerBo com.heitian.ssm.controller.AdminCustomerController.findCustomerById(javax.servlet.http.HttpServletRequest)
[INFO][main][2016-12-03 12:58:30][org.springframework.web.servlet.handler.AbstractHandlerMethodMapping$MappingRegistry] - Mapped "{[/adminOwner/delete]}" onto public com.heitian.ssm.bo.Result com.heitian.ssm.controller.AdminOwnerController.delete(javax.servlet.http.HttpServletRequest)
[INFO][main][2016-12-03 12:58:30][org.springframework.web.servlet.handler.AbstractHandlerMethodMapping$MappingRegistry] - Mapped "{[/adminOwner/blacklist]}" onto public com.heitian.ssm.bo.Result com.heitian.ssm.controller.AdminOwnerController.blacklist(javax.servlet.http.HttpServletRequest)
[INFO][main][2016-12-03 12:58:30][org.springframework.web.servlet.handler.AbstractHandlerMethodMapping$MappingRegistry] - Mapped "{[/adminOwner/whitelist]}" onto public com.heitian.ssm.bo.Result com.heitian.ssm.controller.AdminOwnerController.whitelist(javax.servlet.http.HttpServletRequest)
[INFO][main][2016-12-03 12:58:30][org.springframework.web.servlet.handler.AbstractHandlerMethodMapping$MappingRegistry] - Mapped "{[/adminOwner/searchOwner]}" onto public java.util.List<com.heitian.ssm.bo.OwnerBo> com.heitian.ssm.controller.AdminOwnerController.searchOwnerWithKeyword(com.heitian.ssm.bo.OwnerCondition)
[INFO][main][2016-12-03 12:58:30][org.springframework.web.servlet.handler.AbstractHandlerMethodMapping$MappingRegistry] - Mapped "{[/adminOwner/findOwnerById]}" onto public com.heitian.ssm.bo.OwnerBo com.heitian.ssm.controller.AdminOwnerController.findOwnerById(javax.servlet.http.HttpServletRequest)
[INFO][main][2016-12-03 12:58:30][org.springframework.web.servlet.handler.AbstractHandlerMethodMapping$MappingRegistry] - Mapped "{[/customer/register]}" onto public com.heitian.ssm.bo.Result com.heitian.ssm.controller.CustomerController.register(com.heitian.ssm.model.Customer,org.springframework.ui.Model)
[INFO][main][2016-12-03 12:58:30][org.springframework.web.servlet.handler.AbstractHandlerMethodMapping$MappingRegistry] - Mapped "{[/customer/login]}" onto public com.heitian.ssm.bo.Result com.heitian.ssm.controller.CustomerController.login(com.heitian.ssm.model.Customer,org.springframework.ui.Model,javax.servlet.http.HttpServletResponse)
[INFO][main][2016-12-03 12:58:30][org.springframework.web.servlet.handler.AbstractHandlerMethodMapping$MappingRegistry] - Mapped "{[/owner/login]}" onto public com.heitian.ssm.bo.Result com.heitian.ssm.controller.OwnerController.ownerLogin(com.heitian.ssm.model.Owner,javax.servlet.http.HttpServletResponse)
[INFO][main][2016-12-03 12:58:30][org.springframework.web.servlet.handler.AbstractHandlerMethodMapping$MappingRegistry] - Mapped "{[/owner/activate],methods=[GET]}" onto public com.heitian.ssm.bo.Result com.heitian.ssm.controller.OwnerController.ownerActivate(java.lang.String,java.lang.String)
[INFO][main][2016-12-03 12:58:30][org.springframework.web.servlet.handler.AbstractHandlerMethodMapping$MappingRegistry] - Mapped "{[/owner/register]}" onto public com.heitian.ssm.bo.Result com.heitian.ssm.controller.OwnerController.ownerRegister(com.heitian.ssm.model.Owner)
[INFO][main][2016-12-03 12:58:30][org.springframework.web.servlet.handler.AbstractHandlerMethodMapping$MappingRegistry] - Mapped "{[/owner/getByName]}" onto public com.heitian.ssm.model.Owner com.heitian.ssm.controller.OwnerController.getOwnerByName(java.lang.String)
[INFO][main][2016-12-03 12:58:30][org.springframework.web.servlet.handler.AbstractHandlerMethodMapping$MappingRegistry] - Mapped "{[/owner/getAllUnverified]}" onto public java.util.List<com.heitian.ssm.model.Owner> com.heitian.ssm.controller.OwnerController.getAllUnverified(int,int)
[INFO][main][2016-12-03 12:58:30][org.springframework.web.servlet.handler.AbstractHandlerMethodMapping$MappingRegistry] - Mapped "{[/owner/getOwnerNum]}" onto public com.heitian.ssm.bo.Result com.heitian.ssm.controller.OwnerController.getOwnerNum()
[INFO][main][2016-12-03 12:58:30][org.springframework.web.servlet.handler.AbstractHandlerMethodMapping$MappingRegistry] - Mapped "{[/owner/getUnverifiedNum]}" onto public com.heitian.ssm.bo.Result com.heitian.ssm.controller.OwnerController.getUnverifiedNum()
[INFO][main][2016-12-03 12:58:30][org.springframework.web.servlet.handler.AbstractHandlerMethodMapping$MappingRegistry] - Mapped "{[/owner/getById]}" onto public com.heitian.ssm.model.Owner com.heitian.ssm.controller.OwnerController.getOwnerById(long)
[INFO][main][2016-12-03 12:58:30][org.springframework.web.servlet.handler.AbstractHandlerMethodMapping$MappingRegistry] - Mapped "{[/owner/update]}" onto public com.heitian.ssm.bo.Result com.heitian.ssm.controller.OwnerController.updateOwner(com.heitian.ssm.model.Owner)
[INFO][main][2016-12-03 12:58:30][org.springframework.web.servlet.handler.AbstractHandlerMethodMapping$MappingRegistry] - Mapped "{[/owner/getAllOwner]}" onto public java.util.List<com.heitian.ssm.model.Owner> com.heitian.ssm.controller.OwnerController.getAllOwner(int,int)
[INFO][main][2016-12-03 12:58:30][org.springframework.web.servlet.handler.AbstractHandlerMethodMapping$MappingRegistry] - Mapped "{[/product/update]}" onto public com.heitian.ssm.bo.Result com.heitian.ssm.controller.ProductController.updateProduct(com.heitian.ssm.bo.ProductBo,java.lang.String)
[INFO][main][2016-12-03 12:58:30][org.springframework.web.servlet.handler.AbstractHandlerMethodMapping$MappingRegistry] - Mapped "{[/product/searchByOwner],methods=[GET]}" onto public java.util.List<com.heitian.ssm.bo.ProductBo> com.heitian.ssm.controller.ProductController.searchByOwner(long,int,int,java.lang.String)
[INFO][main][2016-12-03 12:58:30][org.springframework.web.servlet.handler.AbstractHandlerMethodMapping$MappingRegistry] - Mapped "{[/product/getNum],methods=[GET]}" onto public com.heitian.ssm.bo.Result com.heitian.ssm.controller.ProductController.getProductsNum(long)
[INFO][main][2016-12-03 12:58:30][org.springframework.web.servlet.handler.AbstractHandlerMethodMapping$MappingRegistry] - Mapped "{[/product/id],methods=[GET]}" onto public com.heitian.ssm.bo.ProductBo com.heitian.ssm.controller.ProductController.searchProductBo(javax.servlet.http.HttpServletRequest)
[INFO][main][2016-12-03 12:58:30][org.springframework.web.servlet.handler.AbstractHandlerMethodMapping$MappingRegistry] - Mapped "{[/product/delete]}" onto public com.heitian.ssm.bo.Result com.heitian.ssm.controller.ProductController.deleteProduct(com.heitian.ssm.bo.ProductBo,java.lang.String)
[INFO][main][2016-12-03 12:58:30][org.springframework.web.servlet.handler.AbstractHandlerMethodMapping$MappingRegistry] - Mapped "{[/product/add]}" onto public com.heitian.ssm.bo.Result com.heitian.ssm.controller.ProductController.addProduct(com.heitian.ssm.bo.ProductBo,java.lang.String)
[INFO][main][2016-12-03 12:58:30][org.springframework.web.servlet.handler.AbstractHandlerMethodMapping$MappingRegistry] - Mapped "{[/product/search]}" onto public java.util.List<com.heitian.ssm.bo.ProductBo> com.heitian.ssm.controller.ProductController.searchProductBos(com.heitian.ssm.bo.ProductCondition)
[INFO][main][2016-12-03 12:58:30][org.springframework.web.servlet.handler.AbstractHandlerMethodMapping$MappingRegistry] - Mapped "{[/shop/update],methods=[POST]}" onto public com.heitian.ssm.bo.Result com.heitian.ssm.controller.ShopController.update(com.heitian.ssm.bo.ShopBo,java.lang.String)
[INFO][main][2016-12-03 12:58:30][org.springframework.web.servlet.handler.AbstractHandlerMethodMapping$MappingRegistry] - Mapped "{[/shop/delete],methods=[POST]}" onto public com.heitian.ssm.bo.Result com.heitian.ssm.controller.ShopController.delete(java.lang.Long,java.lang.String)
[INFO][main][2016-12-03 12:58:30][org.springframework.web.servlet.handler.AbstractHandlerMethodMapping$MappingRegistry] - Mapped "{[/shop/count]}" onto public com.heitian.ssm.bo.Result com.heitian.ssm.controller.ShopController.getCount()
[INFO][main][2016-12-03 12:58:30][org.springframework.web.servlet.handler.AbstractHandlerMethodMapping$MappingRegistry] - Mapped "{[/shop/search]}" onto public com.heitian.ssm.bo.ShopBo com.heitian.ssm.controller.ShopController.getShopByName(java.lang.String)
[INFO][main][2016-12-03 12:58:30][org.springframework.web.servlet.handler.AbstractHandlerMethodMapping$MappingRegistry] - Mapped "{[/shop/searchAll]}" onto public java.util.List<com.heitian.ssm.bo.ShopBo> com.heitian.ssm.controller.ShopController.getShops(int,int)
[INFO][main][2016-12-03 12:58:30][org.springframework.web.servlet.handler.AbstractHandlerMethodMapping$MappingRegistry] - Mapped "{[/shop/add],methods=[POST]}" onto public com.heitian.ssm.bo.Result com.heitian.ssm.controller.ShopController.addNewShop(com.heitian.ssm.bo.ShopBo,java.lang.String,javax.servlet.http.HttpServletResponse)
[INFO][main][2016-12-03 12:58:30][org.springframework.web.servlet.handler.AbstractHandlerMethodMapping$MappingRegistry] - Mapped "{[/shop/countByStatus]}" onto public com.heitian.ssm.bo.Result com.heitian.ssm.controller.ShopController.getCountByStatus(java.lang.Long)
[INFO][main][2016-12-03 12:58:30][org.springframework.web.servlet.handler.AbstractHandlerMethodMapping$MappingRegistry] - Mapped "{[/shop/searchLike]}" onto public java.util.List<com.heitian.ssm.bo.ShopBo> com.heitian.ssm.controller.ShopController.getShopsByName(java.lang.String)
[INFO][main][2016-12-03 12:58:30][org.springframework.web.servlet.handler.AbstractHandlerMethodMapping$MappingRegistry] - Mapped "{[/shop/searchByStatus]}" onto public java.util.List<com.heitian.ssm.bo.ShopBo> com.heitian.ssm.controller.ShopController.getShopsByStatus(int,int,long)
[INFO][main][2016-12-03 12:58:30][org.springframework.web.servlet.handler.AbstractHandlerMethodMapping$MappingRegistry] - Mapped "{[/shop/changeStatus]}" onto public com.heitian.ssm.bo.Result com.heitian.ssm.controller.ShopController.changeStatus(java.lang.Long,java.lang.Long)
[INFO][main][2016-12-03 12:58:30][org.springframework.web.servlet.handler.AbstractHandlerMethodMapping$MappingRegistry] - Mapped "{[/user/showUser]}" onto public java.lang.String com.heitian.ssm.controller.UserController.showUser(javax.servlet.http.HttpServletRequest,org.springframework.ui.Model)
[INFO][main][2016-12-03 12:58:30][org.springframework.web.servlet.mvc.method.annotation.RequestMappingHandlerAdapter] - Looking for @ControllerAdvice: org.springframework.web.context.support.GenericWebApplicationContext@685cb137: startup date [Sat Dec 03 12:58:29 CST 2016]; root of context hierarchy
[INFO][main][2016-12-03 12:58:30][org.springframework.web.servlet.mvc.method.annotation.RequestMappingHandlerAdapter] - Looking for @ControllerAdvice: org.springframework.web.context.support.GenericWebApplicationContext@685cb137: startup date [Sat Dec 03 12:58:29 CST 2016]; root of context hierarchy
[INFO][Thread-0][2016-12-03 12:58:31][org.springframework.context.support.AbstractApplicationContext] - Closing org.springframework.web.context.support.GenericWebApplicationContext@685cb137: startup date [Sat Dec 03 12:58:29 CST 2016]; root of context hierarchy
